This file contains any messages produced by compilers while
running configure, to aid debugging if configure makes a mistake.

It was created by configure, which was
generated by GNU Autoconf 2.68.  Invocation command line was

  $ ./configure 

## --------- ##
## Platform. ##
## --------- ##

hostname = localhost.localdomain
uname -m = x86_64
uname -r = 2.6.41.4-1.fc15.x86_64
uname -s = Linux
uname -v = #1 SMP Tue Nov 29 11:53:48 UTC 2011

/usr/bin/uname -p = unknown
/bin/uname -X     = unknown

/bin/arch              = x86_64
/usr/bin/arch -k       = unknown
/usr/convex/getsysinfo = unknown
/usr/bin/hostinfo      = unknown
/bin/machine           = unknown
/usr/bin/oslevel       = unknown
/bin/universe          = unknown

PATH: .
PATH: /home/baerm/bin
PATH: /usr/local/bin
PATH: /usr/local/sbin
PATH: /sbin
PATH: /bin
PATH: /usr/sbin
PATH: /usr/bin
PATH: /usr/X11R6/bin
PATH: /usr/bin/mh
PATH: /opt/kerberos/bin
PATH: /usr/local/games/bin
PATH: /usr/games
PATH: /usr/enlightenment/bin
PATH: /usr/local/OpenOffice.org1.0/program
PATH: /usr/local/j2sdk1.3.1/bin
PATH: /usr/kerberos/sbin
PATH: /usr/kerberos/bin


## ----------- ##
## Core tests. ##
## ----------- ##

configure:2411: checking for gcc
configure:2427: found /usr/bin/gcc
configure:2438: result: gcc
configure:2667: checking for C compiler version
configure:2676: gcc --version >&5
gcc (GCC) 4.6.1 20110908 (Red Hat 4.6.1-9)
Copyright (C) 2011 Free Software Foundation, Inc.
This is free software; see the source for copying conditions.  There is NO
warranty; not even for MERCHANTABILITY or FITNESS FOR A PARTICULAR PURPOSE.

configure:2687: $? = 0
configure:2676: gcc -v >&5
Using built-in specs.
COLLECT_GCC=gcc
COLLECT_LTO_WRAPPER=/usr/libexec/gcc/x86_64-redhat-linux/4.6.1/lto-wrapper
Target: x86_64-redhat-linux
Configured with: ../configure --prefix=/usr --mandir=/usr/share/man --infodir=/usr/share/info --with-bugurl=http://bugzilla.redhat.com/bugzilla --enable-bootstrap --enable-shared --enable-threads=posix --enable-checking=release --with-system-zlib --enable-__cxa_atexit --disable-libunwind-exceptions --enable-gnu-unique-object --enable-linker-build-id --enable-languages=c,c++,objc,obj-c++,java,fortran,ada,go,lto --enable-plugin --enable-java-awt=gtk --disable-dssi --with-java-home=/usr/lib/jvm/java-1.5.0-gcj-1.5.0.0/jre --enable-libgcj-multifile --enable-java-maintainer-mode --with-ecj-jar=/usr/share/java/eclipse-ecj.jar --disable-libjava-multilib --with-ppl --with-cloog --with-tune=generic --with-arch_32=i686 --build=x86_64-redhat-linux
Thread model: posix
gcc version 4.6.1 20110908 (Red Hat 4.6.1-9) (GCC) 
configure:2687: $? = 0
configure:2676: gcc -V >&5
gcc: error: unrecognized option '-V'
gcc: fatal error: no input files
compilation terminated.
configure:2687: $? = 4
configure:2676: gcc -qversion >&5
gcc: error: unrecognized option '-qversion'
gcc: fatal error: no input files
compilation terminated.
configure:2687: $? = 4
configure:2707: checking whether the C compiler works
configure:2729: gcc    conftest.c  >&5
configure:2733: $? = 0
configure:2781: result: yes
configure:2784: checking for C compiler default output file name
configure:2786: result: a.out
configure:2792: checking for suffix of executables
configure:2799: gcc -o conftest    conftest.c  >&5
configure:2803: $? = 0
configure:2825: result: 
configure:2847: checking whether we are cross compiling
configure:2855: gcc -o conftest    conftest.c  >&5
configure:2859: $? = 0
configure:2866: ./conftest
configure:2870: $? = 0
configure:2885: result: no
configure:2890: checking for suffix of object files
configure:2912: gcc -c   conftest.c >&5
configure:2916: $? = 0
configure:2937: result: o
configure:2941: checking whether we are using the GNU C compiler
configure:2960: gcc -c   conftest.c >&5
configure:2960: $? = 0
configure:2969: result: yes
configure:2978: checking whether gcc accepts -g
configure:2998: gcc -c -g  conftest.c >&5
configure:2998: $? = 0
configure:3039: result: yes
configure:3056: checking for gcc option to accept ISO C89
configure:3120: gcc  -c -g -O2  conftest.c >&5
configure:3120: $? = 0
configure:3133: result: none needed
configure:3154: checking for library containing clock_gettime
configure:3185: gcc -o conftest -g -O2   conftest.c  >&5
/tmp/ccrPwQHY.o: In function `main':
/home/baerm/snmp/routesec/bird/bird/conftest.c:20: undefined reference to `clock_gettime'
collect2: ld returned 1 exit status
configure:3185: $? = 1
configure: failed program was:
| /* confdefs.h */
| #define PACKAGE_NAME ""
| #define PACKAGE_TARNAME ""
| #define PACKAGE_VERSION ""
| #define PACKAGE_STRING ""
| #define PACKAGE_BUGREPORT ""
| #define PACKAGE_URL ""
| /* end confdefs.h.  */
| 
| /* Override any GCC internal prototype to avoid an error.
|    Use char because int might match the return type of a GCC
|    builtin and then its argument prototype would still apply.  */
| #ifdef __cplusplus
| extern "C"
| #endif
| char clock_gettime ();
| int
| main ()
| {
| return clock_gettime ();
|   ;
|   return 0;
| }
configure:3185: gcc -o conftest -g -O2   conftest.c -lc   >&5
/tmp/ccimpMF0.o: In function `main':
/home/baerm/snmp/routesec/bird/bird/conftest.c:20: undefined reference to `clock_gettime'
collect2: ld returned 1 exit status
configure:3185: $? = 1
configure: failed program was:
| /* confdefs.h */
| #define PACKAGE_NAME ""
| #define PACKAGE_TARNAME ""
| #define PACKAGE_VERSION ""
| #define PACKAGE_STRING ""
| #define PACKAGE_BUGREPORT ""
| #define PACKAGE_URL ""
| /* end confdefs.h.  */
| 
| /* Override any GCC internal prototype to avoid an error.
|    Use char because int might match the return type of a GCC
|    builtin and then its argument prototype would still apply.  */
| #ifdef __cplusplus
| extern "C"
| #endif
| char clock_gettime ();
| int
| main ()
| {
| return clock_gettime ();
|   ;
|   return 0;
| }
configure:3185: gcc -o conftest -g -O2   conftest.c -lrt   >&5
configure:3185: $? = 0
configure:3202: result: -lrt
configure:3215: checking build system type
configure:3229: result: x86_64-unknown-linux-gnu
configure:3249: checking host system type
configure:3262: result: x86_64-unknown-linux-gnu
configure:3336: checking for gcc
configure:3363: result: gcc
configure:3592: checking for C compiler version
configure:3601: gcc --version >&5
gcc (GCC) 4.6.1 20110908 (Red Hat 4.6.1-9)
Copyright (C) 2011 Free Software Foundation, Inc.
This is free software; see the source for copying conditions.  There is NO
warranty; not even for MERCHANTABILITY or FITNESS FOR A PARTICULAR PURPOSE.

configure:3612: $? = 0
configure:3601: gcc -v >&5
Using built-in specs.
COLLECT_GCC=gcc
COLLECT_LTO_WRAPPER=/usr/libexec/gcc/x86_64-redhat-linux/4.6.1/lto-wrapper
Target: x86_64-redhat-linux
Configured with: ../configure --prefix=/usr --mandir=/usr/share/man --infodir=/usr/share/info --with-bugurl=http://bugzilla.redhat.com/bugzilla --enable-bootstrap --enable-shared --enable-threads=posix --enable-checking=release --with-system-zlib --enable-__cxa_atexit --disable-libunwind-exceptions --enable-gnu-unique-object --enable-linker-build-id --enable-languages=c,c++,objc,obj-c++,java,fortran,ada,go,lto --enable-plugin --enable-java-awt=gtk --disable-dssi --with-java-home=/usr/lib/jvm/java-1.5.0-gcj-1.5.0.0/jre --enable-libgcj-multifile --enable-java-maintainer-mode --with-ecj-jar=/usr/share/java/eclipse-ecj.jar --disable-libjava-multilib --with-ppl --with-cloog --with-tune=generic --with-arch_32=i686 --build=x86_64-redhat-linux
Thread model: posix
gcc version 4.6.1 20110908 (Red Hat 4.6.1-9) (GCC) 
configure:3612: $? = 0
configure:3601: gcc -V >&5
gcc: error: unrecognized option '-V'
gcc: fatal error: no input files
compilation terminated.
configure:3612: $? = 4
configure:3601: gcc -qversion >&5
gcc: error: unrecognized option '-qversion'
gcc: fatal error: no input files
compilation terminated.
configure:3612: $? = 4
configure:3616: checking whether we are using the GNU C compiler
configure:3644: result: yes
configure:3653: checking whether gcc accepts -g
configure:3714: result: yes
configure:3731: checking for gcc option to accept ISO C89
configure:3808: result: none needed
configure:3832: checking what CFLAGS should we use
configure:3858: result: -g -O2 -Wall -Wstrict-prototypes -Wno-parentheses -Wno-pointer-sign
configure:3867: checking how to run the C preprocessor
configure:3898: gcc -E  conftest.c
configure:3898: $? = 0
configure:3912: gcc -E  conftest.c
conftest.c:9:28: fatal error: ac_nonexistent.h: No such file or directory
compilation terminated.
configure:3912: $? = 1
configure: failed program was:
| /* confdefs.h */
| #define PACKAGE_NAME ""
| #define PACKAGE_TARNAME ""
| #define PACKAGE_VERSION ""
| #define PACKAGE_STRING ""
| #define PACKAGE_BUGREPORT ""
| #define PACKAGE_URL ""
| /* end confdefs.h.  */
| #include <ac_nonexistent.h>
configure:3937: result: gcc -E
configure:3957: gcc -E  conftest.c
configure:3957: $? = 0
configure:3971: gcc -E  conftest.c
conftest.c:9:28: fatal error: ac_nonexistent.h: No such file or directory
compilation terminated.
configure:3971: $? = 1
configure: failed program was:
| /* confdefs.h */
| #define PACKAGE_NAME ""
| #define PACKAGE_TARNAME ""
| #define PACKAGE_VERSION ""
| #define PACKAGE_STRING ""
| #define PACKAGE_BUGREPORT ""
| #define PACKAGE_URL ""
| /* end confdefs.h.  */
| #include <ac_nonexistent.h>
configure:4013: checking for a BSD-compatible install
configure:4081: result: /usr/bin/install -c
configure:4135: checking for ranlib
configure:4151: found /usr/bin/ranlib
configure:4162: result: ranlib
configure:4186: checking for flex
configure:4202: found /usr/bin/flex
configure:4213: result: flex
configure:4223: checking for bison
configure:4239: found /usr/bin/bison
configure:4250: result: bison
configure:4262: checking for gm4
configure:4292: result: no
configure:4262: checking for m4
configure:4278: found /usr/bin/m4
configure:4289: result: m4
configure:4327: checking Linux kernel version
configure:4348: result: VERSION: UTS_RELEASE
configure:4410: checking which OS configuration should we use
configure:4412: result: ./sysdep/cf/linux-22.h
configure:4423: checking system-dependent directories
configure:4426: result: sysdep/linux/netlink sysdep/linux sysdep/unix  lib
configure:4439: checking protocols
configure:4454: result: ok
configure:4460: checking for linux/rtnetlink.h
configure:4460: gcc -c -g -O2 -Wall -Wstrict-prototypes -Wno-parentheses -Wno-pointer-sign  conftest.c >&5
configure:4460: $? = 0
configure:4460: result: yes
configure:4475: checking for grep that handles long lines and -e
configure:4533: result: /bin/grep
configure:4538: checking for egrep
configure:4600: result: /bin/grep -E
configure:4605: checking for ANSI C header files
configure:4625: gcc -c -g -O2 -Wall -Wstrict-prototypes -Wno-parentheses -Wno-pointer-sign  conftest.c >&5
conftest.c:21:1: warning: function declaration isn't a prototype [-Wstrict-prototypes]
configure:4625: $? = 0
configure:4698: gcc -o conftest -g -O2 -Wall -Wstrict-prototypes -Wno-parentheses -Wno-pointer-sign   conftest.c -lrt  >&5
conftest.c:27:1: warning: function declaration isn't a prototype [-Wstrict-prototypes]
configure:4698: $? = 0
configure:4698: ./conftest
configure:4698: $? = 0
configure:4709: result: yes
configure:4722: checking for sys/types.h
configure:4722: gcc -c -g -O2 -Wall -Wstrict-prototypes -Wno-parentheses -Wno-pointer-sign  conftest.c >&5
configure:4722: $? = 0
configure:4722: result: yes
configure:4722: checking for sys/stat.h
configure:4722: gcc -c -g -O2 -Wall -Wstrict-prototypes -Wno-parentheses -Wno-pointer-sign  conftest.c >&5
configure:4722: $? = 0
configure:4722: result: yes
configure:4722: checking for stdlib.h
configure:4722: gcc -c -g -O2 -Wall -Wstrict-prototypes -Wno-parentheses -Wno-pointer-sign  conftest.c >&5
configure:4722: $? = 0
configure:4722: result: yes
configure:4722: checking for string.h
configure:4722: gcc -c -g -O2 -Wall -Wstrict-prototypes -Wno-parentheses -Wno-pointer-sign  conftest.c >&5
configure:4722: $? = 0
configure:4722: result: yes
configure:4722: checking for memory.h
configure:4722: gcc -c -g -O2 -Wall -Wstrict-prototypes -Wno-parentheses -Wno-pointer-sign  conftest.c >&5
configure:4722: $? = 0
configure:4722: result: yes
configure:4722: checking for strings.h
configure:4722: gcc -c -g -O2 -Wall -Wstrict-prototypes -Wno-parentheses -Wno-pointer-sign  conftest.c >&5
configure:4722: $? = 0
configure:4722: result: yes
configure:4722: checking for inttypes.h
configure:4722: gcc -c -g -O2 -Wall -Wstrict-prototypes -Wno-parentheses -Wno-pointer-sign  conftest.c >&5
configure:4722: $? = 0
configure:4722: result: yes
configure:4722: checking for stdint.h
configure:4722: gcc -c -g -O2 -Wall -Wstrict-prototypes -Wno-parentheses -Wno-pointer-sign  conftest.c >&5
configure:4722: $? = 0
configure:4722: result: yes
configure:4722: checking for unistd.h
configure:4722: gcc -c -g -O2 -Wall -Wstrict-prototypes -Wno-parentheses -Wno-pointer-sign  conftest.c >&5
configure:4722: $? = 0
configure:4722: result: yes
configure:4734: checking syslog.h usability
configure:4734: gcc -c -g -O2 -Wall -Wstrict-prototypes -Wno-parentheses -Wno-pointer-sign  conftest.c >&5
configure:4734: $? = 0
configure:4734: result: yes
configure:4734: checking syslog.h presence
configure:4734: gcc -E  conftest.c
configure:4734: $? = 0
configure:4734: result: yes
configure:4734: checking for syslog.h
configure:4734: result: yes
configure:4741: checking alloca.h usability
configure:4741: gcc -c -g -O2 -Wall -Wstrict-prototypes -Wno-parentheses -Wno-pointer-sign  conftest.c >&5
configure:4741: $? = 0
configure:4741: result: yes
configure:4741: checking alloca.h presence
configure:4741: gcc -E  conftest.c
configure:4741: $? = 0
configure:4741: result: yes
configure:4741: checking for alloca.h
configure:4741: result: yes
configure:4748: checking whether 'struct sockaddr' has sa_len
configure:4763: gcc -c -g -O2 -Wall -Wstrict-prototypes -Wno-parentheses -Wno-pointer-sign  conftest.c >&5
conftest.c:31:1: warning: function declaration isn't a prototype [-Wstrict-prototypes]
conftest.c: In function 'main':
conftest.c:33:45: error: 'struct sockaddr' has no member named 'sa_len'
conftest.c:33:32: warning: unused variable 'i' [-Wunused-variable]
conftest.c:33:24: warning: variable 'sa' set but not used [-Wunused-but-set-variable]
configure:4763: $? = 1
configure: failed program was:
| /* confdefs.h */
| #define PACKAGE_NAME ""
| #define PACKAGE_TARNAME ""
| #define PACKAGE_VERSION ""
| #define PACKAGE_STRING ""
| #define PACKAGE_BUGREPORT ""
| #define PACKAGE_URL ""
| #define SYSCONF_INCLUDE "./sysdep/cf/linux-22.h"
| #define CONFIG_BGP 1
| #define CONFIG_OSPF 1
| #define CONFIG_PIPE 1
| #define CONFIG_RIP 1
| #define CONFIG_STATIC 1
| #define STDC_HEADERS 1
| #define HAVE_SYS_TYPES_H 1
| #define HAVE_SYS_STAT_H 1
| #define HAVE_STDLIB_H 1
| #define HAVE_STRING_H 1
| #define HAVE_MEMORY_H 1
| #define HAVE_STRINGS_H 1
| #define HAVE_INTTYPES_H 1
| #define HAVE_STDINT_H 1
| #define HAVE_UNISTD_H 1
| #define HAVE_SYSLOG 1
| #define HAVE_ALLOCA_H 1
| /* end confdefs.h.  */
| #include <sys/types.h>
|   #include <sys/socket.h>
| 
| int
| main ()
| {
| static struct sockaddr sa; int i = sizeof(sa.sa_len);
|   ;
|   return 0;
| }
configure:4770: result: no
configure:4775: checking whether byte ordering is bigendian
configure:4790: gcc -c -g -O2 -Wall -Wstrict-prototypes -Wno-parentheses -Wno-pointer-sign  conftest.c >&5
conftest.c:28:9: error: unknown type name 'not'
conftest.c:28:15: error: expected '=', ',', ';', 'asm' or '__attribute__' before 'universal'
conftest.c:28:15: error: unknown type name 'universal'
configure:4790: $? = 1
configure: failed program was:
| /* confdefs.h */
| #define PACKAGE_NAME ""
| #define PACKAGE_TARNAME ""
| #define PACKAGE_VERSION ""
| #define PACKAGE_STRING ""
| #define PACKAGE_BUGREPORT ""
| #define PACKAGE_URL ""
| #define SYSCONF_INCLUDE "./sysdep/cf/linux-22.h"
| #define CONFIG_BGP 1
| #define CONFIG_OSPF 1
| #define CONFIG_PIPE 1
| #define CONFIG_RIP 1
| #define CONFIG_STATIC 1
| #define STDC_HEADERS 1
| #define HAVE_SYS_TYPES_H 1
| #define HAVE_SYS_STAT_H 1
| #define HAVE_STDLIB_H 1
| #define HAVE_STRING_H 1
| #define HAVE_MEMORY_H 1
| #define HAVE_STRINGS_H 1
| #define HAVE_INTTYPES_H 1
| #define HAVE_STDINT_H 1
| #define HAVE_UNISTD_H 1
| #define HAVE_SYSLOG 1
| #define HAVE_ALLOCA_H 1
| /* end confdefs.h.  */
| #ifndef __APPLE_CC__
| 	       not a universal capable compiler
| 	     #endif
| 	     typedef int dummy;
| 
configure:4835: gcc -c -g -O2 -Wall -Wstrict-prototypes -Wno-parentheses -Wno-pointer-sign  conftest.c >&5
conftest.c:31:1: warning: function declaration isn't a prototype [-Wstrict-prototypes]
configure:4835: $? = 0
configure:4853: gcc -c -g -O2 -Wall -Wstrict-prototypes -Wno-parentheses -Wno-pointer-sign  conftest.c >&5
conftest.c:31:1: warning: function declaration isn't a prototype [-Wstrict-prototypes]
conftest.c: In function 'main':
conftest.c:34:4: error: unknown type name 'not'
conftest.c:34:12: error: expected '=', ',', ';', 'asm' or '__attribute__' before 'endian'
configure:4853: $? = 1
configure: failed program was:
| /* confdefs.h */
| #define PACKAGE_NAME ""
| #define PACKAGE_TARNAME ""
| #define PACKAGE_VERSION ""
| #define PACKAGE_STRING ""
| #define PACKAGE_BUGREPORT ""
| #define PACKAGE_URL ""
| #define SYSCONF_INCLUDE "./sysdep/cf/linux-22.h"
| #define CONFIG_BGP 1
| #define CONFIG_OSPF 1
| #define CONFIG_PIPE 1
| #define CONFIG_RIP 1
| #define CONFIG_STATIC 1
| #define STDC_HEADERS 1
| #define HAVE_SYS_TYPES_H 1
| #define HAVE_SYS_STAT_H 1
| #define HAVE_STDLIB_H 1
| #define HAVE_STRING_H 1
| #define HAVE_MEMORY_H 1
| #define HAVE_STRINGS_H 1
| #define HAVE_INTTYPES_H 1
| #define HAVE_STDINT_H 1
| #define HAVE_UNISTD_H 1
| #define HAVE_SYSLOG 1
| #define HAVE_ALLOCA_H 1
| /* end confdefs.h.  */
| #include <sys/types.h>
| 		#include <sys/param.h>
| 
| int
| main ()
| {
| #if BYTE_ORDER != BIG_ENDIAN
| 		 not big endian
| 		#endif
| 
|   ;
|   return 0;
| }
configure:4981: result: no
configure:5004: checking size of char
configure:5009: gcc -o conftest -g -O2 -Wall -Wstrict-prototypes -Wno-parentheses -Wno-pointer-sign   conftest.c -lrt  >&5
conftest.c:61:17: warning: function declaration isn't a prototype [-Wstrict-prototypes]
conftest.c:62:26: warning: function declaration isn't a prototype [-Wstrict-prototypes]
conftest.c:66:1: warning: function declaration isn't a prototype [-Wstrict-prototypes]
configure:5009: $? = 0
configure:5009: ./conftest
configure:5009: $? = 0
configure:5023: result: 1
configure:5037: checking size of short int
configure:5042: gcc -o conftest -g -O2 -Wall -Wstrict-prototypes -Wno-parentheses -Wno-pointer-sign   conftest.c -lrt  >&5
conftest.c:62:17: warning: function declaration isn't a prototype [-Wstrict-prototypes]
conftest.c:63:26: warning: function declaration isn't a prototype [-Wstrict-prototypes]
conftest.c:67:1: warning: function declaration isn't a prototype [-Wstrict-prototypes]
configure:5042: $? = 0
configure:5042: ./conftest
configure:5042: $? = 0
configure:5056: result: 2
configure:5070: checking size of int
configure:5075: gcc -o conftest -g -O2 -Wall -Wstrict-prototypes -Wno-parentheses -Wno-pointer-sign   conftest.c -lrt  >&5
conftest.c:63:17: warning: function declaration isn't a prototype [-Wstrict-prototypes]
conftest.c:64:26: warning: function declaration isn't a prototype [-Wstrict-prototypes]
conftest.c:68:1: warning: function declaration isn't a prototype [-Wstrict-prototypes]
configure:5075: $? = 0
configure:5075: ./conftest
configure:5075: $? = 0
configure:5089: result: 4
configure:5103: checking size of long int
configure:5108: gcc -o conftest -g -O2 -Wall -Wstrict-prototypes -Wno-parentheses -Wno-pointer-sign   conftest.c -lrt  >&5
conftest.c:64:17: warning: function declaration isn't a prototype [-Wstrict-prototypes]
conftest.c:65:26: warning: function declaration isn't a prototype [-Wstrict-prototypes]
conftest.c:69:1: warning: function declaration isn't a prototype [-Wstrict-prototypes]
configure:5108: $? = 0
configure:5108: ./conftest
configure:5108: $? = 0
configure:5122: result: 8
configure:5136: checking size of long long int
configure:5141: gcc -o conftest -g -O2 -Wall -Wstrict-prototypes -Wno-parentheses -Wno-pointer-sign   conftest.c -lrt  >&5
conftest.c:65:17: warning: function declaration isn't a prototype [-Wstrict-prototypes]
conftest.c:66:26: warning: function declaration isn't a prototype [-Wstrict-prototypes]
conftest.c:70:1: warning: function declaration isn't a prototype [-Wstrict-prototypes]
configure:5141: $? = 0
configure:5141: ./conftest
configure:5141: $? = 0
configure:5155: result: 8
configure:5167: checking for 8-bit type
configure:5184: result: char
configure:5167: checking for 16-bit type
configure:5184: result: short int
configure:5167: checking for 32-bit type
configure:5184: result: int
configure:5167: checking for 64-bit type
configure:5184: result: long int
configure:5192: checking usual alignment of structures
configure:5218: gcc -o conftest -g -O2 -Wall -Wstrict-prototypes -Wno-parentheses -Wno-pointer-sign   conftest.c -lrt  >&5
conftest.c: In function 'main':
conftest.c:46:3: warning: format '%d' expects argument of type 'int', but argument 3 has type 'long unsigned int' [-Wformat]
conftest.c:48:3: warning: implicit declaration of function 'exit' [-Wimplicit-function-declaration]
conftest.c:48:3: warning: incompatible implicit declaration of built-in function 'exit' [enabled by default]
configure:5218: $? = 0
configure:5218: ./conftest
configure:5218: $? = 0
configure:5235: result: 16
configure:5242: checking characteristics of time_t
configure:5270: gcc -o conftest -g -O2 -Wall -Wstrict-prototypes -Wno-parentheses -Wno-pointer-sign   conftest.c -lrt  >&5
conftest.c: In function 'main':
conftest.c:47:3: warning: format '%d' expects argument of type 'int', but argument 3 has type 'long unsigned int' [-Wformat]
conftest.c:51:3: warning: implicit declaration of function 'exit' [-Wimplicit-function-declaration]
conftest.c:51:3: warning: incompatible implicit declaration of built-in function 'exit' [enabled by default]
configure:5270: $? = 0
configure:5270: ./conftest
configure:5270: $? = 0
configure:5285: result: 64-bit signed
configure:5297: checking for struct ip_mreqn
configure:5316: gcc -c -g -O2 -Wall -Wstrict-prototypes -Wno-parentheses -Wno-pointer-sign  conftest.c >&5
conftest.c:43:1: warning: function declaration isn't a prototype [-Wstrict-prototypes]
conftest.c: In function 'main':
conftest.c:45:17: warning: unused variable 'x' [-Wunused-variable]
configure:5316: $? = 0
configure:5325: result: yes
configure:5488: checking for add_history in -lhistory
configure:5513: gcc -o conftest -g -O2 -Wall -Wstrict-prototypes -Wno-parentheses -Wno-pointer-sign   conftest.c -lhistory  -lrt  >&5
conftest.c:48:1: warning: function declaration isn't a prototype [-Wstrict-prototypes]
conftest.c:50:1: warning: function declaration isn't a prototype [-Wstrict-prototypes]
configure:5513: $? = 0
configure:5522: result: yes
configure:5528: checking for tgetent in -lncurses
configure:5553: gcc -o conftest -g -O2 -Wall -Wstrict-prototypes -Wno-parentheses -Wno-pointer-sign   conftest.c -lncurses  -lrt  >&5
conftest.c:48:1: warning: function declaration isn't a prototype [-Wstrict-prototypes]
conftest.c:50:1: warning: function declaration isn't a prototype [-Wstrict-prototypes]
configure:5553: $? = 0
configure:5562: result: yes
configure:5731: checking for rl_callback_read_char in -lreadline
configure:5756: gcc -o conftest -g -O2 -Wall -Wstrict-prototypes -Wno-parentheses -Wno-pointer-sign   conftest.c -lreadline -lncurses -lrt  >&5
conftest.c:48:1: warning: function declaration isn't a prototype [-Wstrict-prototypes]
conftest.c:50:1: warning: function declaration isn't a prototype [-Wstrict-prototypes]
configure:5756: $? = 0
configure:5765: result: yes
configure:5773: checking for rl_crlf in -lreadline
configure:5798: gcc -o conftest -g -O2 -Wall -Wstrict-prototypes -Wno-parentheses -Wno-pointer-sign   conftest.c -lreadline -lncurses -lrt  >&5
conftest.c:48:1: warning: function declaration isn't a prototype [-Wstrict-prototypes]
conftest.c:50:1: warning: function declaration isn't a prototype [-Wstrict-prototypes]
configure:5798: $? = 0
configure:5807: result: yes
configure:5814: checking for rl_ding in -lreadline
configure:5839: gcc -o conftest -g -O2 -Wall -Wstrict-prototypes -Wno-parentheses -Wno-pointer-sign   conftest.c -lreadline -lncurses -lrt  >&5
conftest.c:49:1: warning: function declaration isn't a prototype [-Wstrict-prototypes]
conftest.c:51:1: warning: function declaration isn't a prototype [-Wstrict-prototypes]
configure:5839: $? = 0
configure:5848: result: yes
configure:5982: creating ./config.status

## ---------------------- ##
## Running config.status. ##
## ---------------------- ##

This file was extended by config.status, which was
generated by GNU Autoconf 2.68.  Invocation command line was

  CONFIG_FILES    = 
  CONFIG_HEADERS  = 
  CONFIG_LINKS    = 
  CONFIG_COMMANDS = 
  $ ./config.status 

on localhost.localdomain

config.status:872: creating Makefile
config.status:872: creating obj/Makefile
config.status:872: creating obj/Rules
config.status:872: creating obj/sysdep/autoconf.h
config.status:1061: executing merge commands

## ---------------- ##
## Cache variables. ##
## ---------------- ##

ac_cv_build=x86_64-unknown-linux-gnu
ac_cv_c_bigendian=no
ac_cv_c_compiler_gnu=yes
ac_cv_env_BISON_set=
ac_cv_env_BISON_value=
ac_cv_env_CC_set=
ac_cv_env_CC_value=
ac_cv_env_CFLAGS_set=
ac_cv_env_CFLAGS_value=
ac_cv_env_CPPFLAGS_set=
ac_cv_env_CPPFLAGS_value=
ac_cv_env_CPP_set=
ac_cv_env_CPP_value=
ac_cv_env_FLEX_set=
ac_cv_env_FLEX_value=
ac_cv_env_LDFLAGS_set=
ac_cv_env_LDFLAGS_value=
ac_cv_env_LIBS_set=
ac_cv_env_LIBS_value=
ac_cv_env_M4_set=
ac_cv_env_M4_value=
ac_cv_env_build_alias_set=
ac_cv_env_build_alias_value=
ac_cv_env_host_alias_set=
ac_cv_env_host_alias_value=
ac_cv_env_target_alias_set=
ac_cv_env_target_alias_value=
ac_cv_header_alloca_h=yes
ac_cv_header_inttypes_h=yes
ac_cv_header_linux_rtnetlink_h=yes
ac_cv_header_memory_h=yes
ac_cv_header_stdc=yes
ac_cv_header_stdint_h=yes
ac_cv_header_stdlib_h=yes
ac_cv_header_string_h=yes
ac_cv_header_strings_h=yes
ac_cv_header_sys_stat_h=yes
ac_cv_header_sys_types_h=yes
ac_cv_header_syslog_h=yes
ac_cv_header_unistd_h=yes
ac_cv_host=x86_64-unknown-linux-gnu
ac_cv_lib_history_add_history=yes
ac_cv_lib_ncurses_tgetent=yes
ac_cv_lib_readline_rl_callback_read_char=yes
ac_cv_lib_readline_rl_crlf=yes
ac_cv_lib_readline_rl_ding=yes
ac_cv_objext=o
ac_cv_path_EGREP='/bin/grep -E'
ac_cv_path_GREP=/bin/grep
ac_cv_path_install='/usr/bin/install -c'
ac_cv_prog_BISON=bison
ac_cv_prog_CPP='gcc -E'
ac_cv_prog_FLEX=flex
ac_cv_prog_M4=m4
ac_cv_prog_ac_ct_CC=gcc
ac_cv_prog_ac_ct_RANLIB=ranlib
ac_cv_prog_cc_c89=
ac_cv_prog_cc_g=yes
ac_cv_search_clock_gettime=-lrt
ac_cv_sizeof_char=1
ac_cv_sizeof_int=4
ac_cv_sizeof_long_int=8
ac_cv_sizeof_long_long_int=8
ac_cv_sizeof_short_int=2
bird_cv_c_option_no_pointer_sign=yes
bird_cv_c_struct_align=16
bird_cv_struct_ip_mreqn=yes
bird_cv_sys_linux_version='VERSION: UTS_RELEASE'
bird_cv_type_time_t='64-bit signed'

## ----------------- ##
## Output variables. ##
## ----------------- ##

BISON='bison'
CC='gcc'
CFLAGS='-g -O2 -Wall -Wstrict-prototypes -Wno-parentheses -Wno-pointer-sign'
CLIENT='client'
CLIENT_LIBS='-lreadline -lhistory -lncurses'
CPP='gcc -E'
CPPFLAGS=''
DEFS='-DHAVE_CONFIG_H'
ECHO_C=''
ECHO_N='-n'
ECHO_T=''
EGREP='/bin/grep -E'
EXEEXT=''
FLEX='flex'
GREP='/bin/grep'
INSTALL_DATA='${INSTALL} -m 644'
INSTALL_PROGRAM='${INSTALL}'
INSTALL_SCRIPT='${INSTALL}'
LDFLAGS=''
LIBOBJS=''
LIBS='-lrt '
LTLIBOBJS=''
M4='m4'
OBJEXT='o'
PACKAGE_BUGREPORT=''
PACKAGE_NAME=''
PACKAGE_STRING=''
PACKAGE_TARNAME=''
PACKAGE_URL=''
PACKAGE_VERSION=''
PATH_SEPARATOR=':'
RANLIB='ranlib'
SHELL='/bin/sh'
SUFFIX6=''
ac_ct_CC='gcc'
bindir='${exec_prefix}/bin'
build='x86_64-unknown-linux-gnu'
build_alias=''
build_cpu='x86_64'
build_os='linux-gnu'
build_vendor='unknown'
datadir='${datarootdir}'
datarootdir='${prefix}/share'
docdir='${datarootdir}/doc/${PACKAGE}'
dvidir='${docdir}'
exec_prefix='${prefix}'
exedir='..'
host='x86_64-unknown-linux-gnu'
host_alias=''
host_cpu='x86_64'
host_os='linux-gnu'
host_vendor='unknown'
htmldir='${docdir}'
includedir='${prefix}/include'
infodir='${datarootdir}/info'
iproutedir='/etc/iproute2'
libdir='${exec_prefix}/lib'
libexecdir='${exec_prefix}/libexec'
localedir='${datarootdir}/locale'
localstatedir='${prefix}/var'
mandir='${datarootdir}/man'
objdir='obj'
oldincludedir='/usr/include'
pdfdir='${docdir}'
prefix='/usr/local'
program_transform_name='s,x,x,'
protocols='bgp ospf pipe rip static'
psdir='${docdir}'
sbindir='${exec_prefix}/sbin'
sharedstatedir='${prefix}/com'
srcdir_rel_mf='$(root-rel)..'
sysconfdir='${prefix}/etc'
sysdep_dirs='sysdep/linux/netlink sysdep/linux sysdep/unix  lib'
target_alias=''

## ----------- ##
## confdefs.h. ##
## ----------- ##

/* confdefs.h */
#define PACKAGE_NAME ""
#define PACKAGE_TARNAME ""
#define PACKAGE_VERSION ""
#define PACKAGE_STRING ""
#define PACKAGE_BUGREPORT ""
#define PACKAGE_URL ""
#define SYSCONF_INCLUDE "./sysdep/cf/linux-22.h"
#define CONFIG_BGP 1
#define CONFIG_OSPF 1
#define CONFIG_PIPE 1
#define CONFIG_RIP 1
#define CONFIG_STATIC 1
#define STDC_HEADERS 1
#define HAVE_SYS_TYPES_H 1
#define HAVE_SYS_STAT_H 1
#define HAVE_STDLIB_H 1
#define HAVE_STRING_H 1
#define HAVE_MEMORY_H 1
#define HAVE_STRINGS_H 1
#define HAVE_INTTYPES_H 1
#define HAVE_STDINT_H 1
#define HAVE_UNISTD_H 1
#define HAVE_SYSLOG 1
#define HAVE_ALLOCA_H 1
#define CPU_LITTLE_ENDIAN 1
#define SIZEOF_CHAR 1
#define SIZEOF_SHORT_INT 2
#define SIZEOF_INT 4
#define SIZEOF_LONG_INT 8
#define SIZEOF_LONG_LONG_INT 8
#define INTEGER_8 char
#define INTEGER_16 short int
#define INTEGER_32 int
#define INTEGER_64 long int
#define CPU_STRUCT_ALIGN 16
#define TIME_T_IS_64BIT 1
#define TIME_T_IS_SIGNED 1
#define HAVE_STRUCT_IP_MREQN 1
#define HAVE_RL_CRLF 1
#define HAVE_RL_DING 1

configure: exit 0
